This is XeTeX, Version 3.14159265-2.6-0.99999 (MiKTeX 2.9.6840 64-bit) (preloaded format=xelatex 2019.9.12)  31 AUG 2020 16:23
entering extended mode
**./Schabacker_Robert_Resume.tex
(Schabacker_Robert_Resume.tex
LaTeX2e <2018-04-01> patch level 5

("C:\Users\StevensUser\AppData\Local\Programs\MiKTeX 2.9\tex\latex\base\article
.cls"
Document Class: article 2014/09/29 v1.4h Standard LaTeX document class

("C:\Users\StevensUser\AppData\Local\Programs\MiKTeX 2.9\tex\latex\base\size10.
clo"
File: size10.clo 2014/09/29 v1.4h Standard LaTeX file (size option)
)
\c@part=\count80
\c@section=\count81
\c@subsection=\count82
\c@subsubsection=\count83
\c@paragraph=\count84
\c@subparagraph=\count85
\c@figure=\count86
\c@table=\count87
\abovecaptionskip=\skip41
\belowcaptionskip=\skip42
\bibindent=\dimen102
)
("C:\Users\StevensUser\AppData\Local\Programs\MiKTeX 2.9\tex\latex\base\inputen
c.sty"
Package: inputenc 2018/04/06 v1.3b Input encoding file
\inpenc@prehook=\toks14
\inpenc@posthook=\toks15


Package inputenc Warning: inputenc package ignored with utf8 based engines.

)
("C:\Users\StevensUser\AppData\Local\Programs\MiKTeX 2.9\tex\latex\pgf\frontend
layer\tikz.sty"
("C:\Users\StevensUser\AppData\Local\Programs\MiKTeX 2.9\tex\latex\pgf\basiclay
er\pgf.sty"
("C:\Users\StevensUser\AppData\Local\Programs\MiKTeX 2.9\tex\latex\pgf\utilitie
s\pgfrcs.sty"
("C:\Users\StevensUser\AppData\Local\Programs\MiKTeX 2.9\tex\generic\pgf\utilit
ies\pgfutil-common.tex"
\pgfutil@everybye=\toks16
\pgfutil@tempdima=\dimen103
\pgfutil@tempdimb=\dimen104

("C:\Users\StevensUser\AppData\Local\Programs\MiKTeX 2.9\tex\generic\pgf\utilit
ies\pgfutil-common-lists.tex"))
("C:\Users\StevensUser\AppData\Local\Programs\MiKTeX 2.9\tex\generic\pgf\utilit
ies\pgfutil-latex.def"
\pgfutil@abb=\box26

("C:\Users\StevensUser\AppData\Local\Programs\MiKTeX 2.9\tex\latex\ms\everyshi.
sty"
Package: everyshi 2001/05/15 v3.00 EveryShipout Package (MS)
))
("C:\Users\StevensUser\AppData\Local\Programs\MiKTeX 2.9\tex\generic\pgf\utilit
ies\pgfrcs.code.tex"
Package: pgfrcs 2015/08/07 v3.0.1a (rcs-revision 1.31)
))
Package: pgf 2015/08/07 v3.0.1a (rcs-revision 1.15)

("C:\Users\StevensUser\AppData\Local\Programs\MiKTeX 2.9\tex\latex\pgf\basiclay
er\pgfcore.sty"
("C:\Users\StevensUser\AppData\Local\Programs\MiKTeX 2.9\tex\latex\graphics\gra
phicx.sty"
Package: graphicx 2017/06/01 v1.1a Enhanced LaTeX Graphics (DPC,SPQR)

("C:\Users\StevensUser\AppData\Local\Programs\MiKTeX 2.9\tex\latex\graphics\key
val.sty"
Package: keyval 2014/10/28 v1.15 key=value parser (DPC)
\KV@toks@=\toks17
)
("C:\Users\StevensUser\AppData\Local\Programs\MiKTeX 2.9\tex\latex\graphics\gra
phics.sty"
Package: graphics 2017/06/25 v1.2c Standard LaTeX Graphics (DPC,SPQR)

("C:\Users\StevensUser\AppData\Local\Programs\MiKTeX 2.9\tex\latex\graphics\tri
g.sty"
Package: trig 2016/01/03 v1.10 sin cos tan (DPC)
)
("C:\Users\StevensUser\AppData\Local\Programs\MiKTeX 2.9\tex\latex\graphics-cfg
\graphics.cfg"
File: graphics.cfg 2016/06/04 v1.11 sample graphics configuration
)
Package graphics Info: Driver file: xetex.def on input line 99.

("C:\Users\StevensUser\AppData\Local\Programs\MiKTeX 2.9\tex\latex\graphics-def
\xetex.def"
File: xetex.def 2017/06/24 v5.0h Graphics/color driver for xetex
))
\Gin@req@height=\dimen105
\Gin@req@width=\dimen106
)
("C:\Users\StevensUser\AppData\Local\Programs\MiKTeX 2.9\tex\latex\pgf\systemla
yer\pgfsys.sty"
("C:\Users\StevensUser\AppData\Local\Programs\MiKTeX 2.9\tex\generic\pgf\system
layer\pgfsys.code.tex"
Package: pgfsys 2014/07/09 v3.0.1a (rcs-revision 1.48)

("C:\Users\StevensUser\AppData\Local\Programs\MiKTeX 2.9\tex\generic\pgf\utilit
ies\pgfkeys.code.tex"
\pgfkeys@pathtoks=\toks18
\pgfkeys@temptoks=\toks19

("C:\Users\StevensUser\AppData\Local\Programs\MiKTeX 2.9\tex\generic\pgf\utilit
ies\pgfkeysfiltered.code.tex"
\pgfkeys@tmptoks=\toks20
))
\pgf@x=\dimen107
\pgf@y=\dimen108
\pgf@xa=\dimen109
\pgf@ya=\dimen110
\pgf@xb=\dimen111
\pgf@yb=\dimen112
\pgf@xc=\dimen113
\pgf@yc=\dimen114
\w@pgf@writea=\write3
\r@pgf@reada=\read1
\c@pgf@counta=\count88
\c@pgf@countb=\count89
\c@pgf@countc=\count90
\c@pgf@countd=\count91
\t@pgf@toka=\toks21
\t@pgf@tokb=\toks22
\t@pgf@tokc=\toks23

("C:\Users\StevensUser\AppData\Local\Programs\MiKTeX 2.9\tex\generic\pgf\system
layer\pgf.cfg"
File: pgf.cfg 2008/05/14  (rcs-revision 1.7)
)
Driver file for pgf: pgfsys-xetex.def

("C:\Users\StevensUser\AppData\Local\Programs\MiKTeX 2.9\tex\generic\pgf\system
layer\pgfsys-xetex.def"
File: pgfsys-xetex.def 2014/07/09  (rcs-revision 1.11)

("C:\Users\StevensUser\AppData\Local\Programs\MiKTeX 2.9\tex\generic\pgf\system
layer\pgfsys-dvipdfmx.def"
File: pgfsys-dvipdfmx.def 2014/07/09  (rcs-revision 1.14)

("C:\Users\StevensUser\AppData\Local\Programs\MiKTeX 2.9\tex\generic\pgf\system
layer\pgfsys-common-pdf.def"
File: pgfsys-common-pdf.def 2013/10/10  (rcs-revision 1.13)
)
\pgfsys@objnum=\count92
)))
("C:\Users\StevensUser\AppData\Local\Programs\MiKTeX 2.9\tex\generic\pgf\system
layer\pgfsyssoftpath.code.tex"
File: pgfsyssoftpath.code.tex 2013/09/09  (rcs-revision 1.9)
\pgfsyssoftpath@smallbuffer@items=\count93
\pgfsyssoftpath@bigbuffer@items=\count94
)
("C:\Users\StevensUser\AppData\Local\Programs\MiKTeX 2.9\tex\generic\pgf\system
layer\pgfsysprotocol.code.tex"
File: pgfsysprotocol.code.tex 2006/10/16  (rcs-revision 1.4)
))
("C:\Users\StevensUser\AppData\Local\Programs\MiKTeX 2.9\tex\latex\xcolor\xcolo
r.sty"
Package: xcolor 2016/05/11 v2.12 LaTeX color extensions (UK)

("C:\Users\StevensUser\AppData\Local\Programs\MiKTeX 2.9\tex\latex\graphics-cfg
\color.cfg"
File: color.cfg 2016/01/02 v1.6 sample color configuration
)
Package xcolor Info: Driver file: xetex.def on input line 225.
Package xcolor Info: Model `cmy' substituted by `cmy0' on input line 1348.
Package xcolor Info: Model `RGB' extended on input line 1364.
Package xcolor Info: Model `HTML' substituted by `rgb' on input line 1366.
Package xcolor Info: Model `Hsb' substituted by `hsb' on input line 1367.
Package xcolor Info: Model `tHsb' substituted by `hsb' on input line 1368.
Package xcolor Info: Model `HSB' substituted by `hsb' on input line 1369.
Package xcolor Info: Model `Gray' substituted by `gray' on input line 1370.
Package xcolor Info: Model `wave' substituted by `hsb' on input line 1371.
)
("C:\Users\StevensUser\AppData\Local\Programs\MiKTeX 2.9\tex\generic\pgf\basicl
ayer\pgfcore.code.tex"
Package: pgfcore 2010/04/11 v3.0.1a (rcs-revision 1.7)

("C:\Users\StevensUser\AppData\Local\Programs\MiKTeX 2.9\tex\generic\pgf\math\p
gfmath.code.tex"
("C:\Users\StevensUser\AppData\Local\Programs\MiKTeX 2.9\tex\generic\pgf\math\p
gfmathcalc.code.tex"
("C:\Users\StevensUser\AppData\Local\Programs\MiKTeX 2.9\tex\generic\pgf\math\p
gfmathutil.code.tex")
("C:\Users\StevensUser\AppData\Local\Programs\MiKTeX 2.9\tex\generic\pgf\math\p
gfmathparser.code.tex"
\pgfmath@dimen=\dimen115
\pgfmath@count=\count95
\pgfmath@box=\box27
\pgfmath@toks=\toks24
\pgfmath@stack@operand=\toks25
\pgfmath@stack@operation=\toks26
)
("C:\Users\StevensUser\AppData\Local\Programs\MiKTeX 2.9\tex\generic\pgf\math\p
gfmathfunctions.code.tex"
("C:\Users\StevensUser\AppData\Local\Programs\MiKTeX 2.9\tex\generic\pgf\math\p
gfmathfunctions.basic.code.tex")
("C:\Users\StevensUser\AppData\Local\Programs\MiKTeX 2.9\tex\generic\pgf\math\p
gfmathfunctions.trigonometric.code.tex")
("C:\Users\StevensUser\AppData\Local\Programs\MiKTeX 2.9\tex\generic\pgf\math\p
gfmathfunctions.random.code.tex")
("C:\Users\StevensUser\AppData\Local\Programs\MiKTeX 2.9\tex\generic\pgf\math\p
gfmathfunctions.comparison.code.tex")
("C:\Users\StevensUser\AppData\Local\Programs\MiKTeX 2.9\tex\generic\pgf\math\p
gfmathfunctions.base.code.tex")
("C:\Users\StevensUser\AppData\Local\Programs\MiKTeX 2.9\tex\generic\pgf\math\p
gfmathfunctions.round.code.tex")
("C:\Users\StevensUser\AppData\Local\Programs\MiKTeX 2.9\tex\generic\pgf\math\p
gfmathfunctions.misc.code.tex")
("C:\Users\StevensUser\AppData\Local\Programs\MiKTeX 2.9\tex\generic\pgf\math\p
gfmathfunctions.integerarithmetics.code.tex")))
("C:\Users\StevensUser\AppData\Local\Programs\MiKTeX 2.9\tex\generic\pgf\math\p
gfmathfloat.code.tex"
\c@pgfmathroundto@lastzeros=\count96
))
("C:\Users\StevensUser\AppData\Local\Programs\MiKTeX 2.9\tex\generic\pgf\basicl
ayer\pgfcorepoints.code.tex"
File: pgfcorepoints.code.tex 2013/10/07  (rcs-revision 1.27)
\pgf@picminx=\dimen116
\pgf@picmaxx=\dimen117
\pgf@picminy=\dimen118
\pgf@picmaxy=\dimen119
\pgf@pathminx=\dimen120
\pgf@pathmaxx=\dimen121
\pgf@pathminy=\dimen122
\pgf@pathmaxy=\dimen123
\pgf@xx=\dimen124
\pgf@xy=\dimen125
\pgf@yx=\dimen126
\pgf@yy=\dimen127
\pgf@zx=\dimen128
\pgf@zy=\dimen129
)
("C:\Users\StevensUser\AppData\Local\Programs\MiKTeX 2.9\tex\generic\pgf\basicl
ayer\pgfcorepathconstruct.code.tex"
File: pgfcorepathconstruct.code.tex 2013/10/07  (rcs-revision 1.29)
\pgf@path@lastx=\dimen130
\pgf@path@lasty=\dimen131
)
("C:\Users\StevensUser\AppData\Local\Programs\MiKTeX 2.9\tex\generic\pgf\basicl
ayer\pgfcorepathusage.code.tex"
File: pgfcorepathusage.code.tex 2014/11/02  (rcs-revision 1.24)
\pgf@shorten@end@additional=\dimen132
\pgf@shorten@start@additional=\dimen133
)
("C:\Users\StevensUser\AppData\Local\Programs\MiKTeX 2.9\tex\generic\pgf\basicl
ayer\pgfcorescopes.code.tex"
File: pgfcorescopes.code.tex 2015/05/08  (rcs-revision 1.46)
\pgfpic=\box28
\pgf@hbox=\box29
\pgf@layerbox@main=\box30
\pgf@picture@serial@count=\count97
)
("C:\Users\StevensUser\AppData\Local\Programs\MiKTeX 2.9\tex\generic\pgf\basicl
ayer\pgfcoregraphicstate.code.tex"
File: pgfcoregraphicstate.code.tex 2014/11/02  (rcs-revision 1.12)
\pgflinewidth=\dimen134
)
("C:\Users\StevensUser\AppData\Local\Programs\MiKTeX 2.9\tex\generic\pgf\basicl
ayer\pgfcoretransformations.code.tex"
File: pgfcoretransformations.code.tex 2015/08/07  (rcs-revision 1.20)
\pgf@pt@x=\dimen135
\pgf@pt@y=\dimen136
\pgf@pt@temp=\dimen137
)
("C:\Users\StevensUser\AppData\Local\Programs\MiKTeX 2.9\tex\generic\pgf\basicl
ayer\pgfcorequick.code.tex"
File: pgfcorequick.code.tex 2008/10/09  (rcs-revision 1.3)
)
("C:\Users\StevensUser\AppData\Local\Programs\MiKTeX 2.9\tex\generic\pgf\basicl
ayer\pgfcoreobjects.code.tex"
File: pgfcoreobjects.code.tex 2006/10/11  (rcs-revision 1.2)
)
("C:\Users\StevensUser\AppData\Local\Programs\MiKTeX 2.9\tex\generic\pgf\basicl
ayer\pgfcorepathprocessing.code.tex"
File: pgfcorepathprocessing.code.tex 2013/09/09  (rcs-revision 1.9)
)
("C:\Users\StevensUser\AppData\Local\Programs\MiKTeX 2.9\tex\generic\pgf\basicl
ayer\pgfcorearrows.code.tex"
File: pgfcorearrows.code.tex 2015/05/14  (rcs-revision 1.43)
\pgfarrowsep=\dimen138
)
("C:\Users\StevensUser\AppData\Local\Programs\MiKTeX 2.9\tex\generic\pgf\basicl
ayer\pgfcoreshade.code.tex"
File: pgfcoreshade.code.tex 2013/07/15  (rcs-revision 1.15)
\pgf@max=\dimen139
\pgf@sys@shading@range@num=\count98
)
("C:\Users\StevensUser\AppData\Local\Programs\MiKTeX 2.9\tex\generic\pgf\basicl
ayer\pgfcoreimage.code.tex"
File: pgfcoreimage.code.tex 2013/07/15  (rcs-revision 1.18)

("C:\Users\StevensUser\AppData\Local\Programs\MiKTeX 2.9\tex\generic\pgf\basicl
ayer\pgfcoreexternal.code.tex"
File: pgfcoreexternal.code.tex 2014/07/09  (rcs-revision 1.21)
\pgfexternal@startupbox=\box31
))
("C:\Users\StevensUser\AppData\Local\Programs\MiKTeX 2.9\tex\generic\pgf\basicl
ayer\pgfcorelayers.code.tex"
File: pgfcorelayers.code.tex 2013/07/18  (rcs-revision 1.7)
)
("C:\Users\StevensUser\AppData\Local\Programs\MiKTeX 2.9\tex\generic\pgf\basicl
ayer\pgfcoretransparency.code.tex"
File: pgfcoretransparency.code.tex 2013/09/30  (rcs-revision 1.5)
)
("C:\Users\StevensUser\AppData\Local\Programs\MiKTeX 2.9\tex\generic\pgf\basicl
ayer\pgfcorepatterns.code.tex"
File: pgfcorepatterns.code.tex 2013/11/07  (rcs-revision 1.5)
)))
("C:\Users\StevensUser\AppData\Local\Programs\MiKTeX 2.9\tex\generic\pgf\module
s\pgfmoduleshapes.code.tex"
File: pgfmoduleshapes.code.tex 2014/03/21  (rcs-revision 1.35)
\pgfnodeparttextbox=\box32
)
("C:\Users\StevensUser\AppData\Local\Programs\MiKTeX 2.9\tex\generic\pgf\module
s\pgfmoduleplot.code.tex"
File: pgfmoduleplot.code.tex 2015/08/03  (rcs-revision 1.13)
)
("C:\Users\StevensUser\AppData\Local\Programs\MiKTeX 2.9\tex\latex\pgf\compatib
ility\pgfcomp-version-0-65.sty"
Package: pgfcomp-version-0-65 2007/07/03 v3.0.1a (rcs-revision 1.7)
\pgf@nodesepstart=\dimen140
\pgf@nodesepend=\dimen141
)
("C:\Users\StevensUser\AppData\Local\Programs\MiKTeX 2.9\tex\latex\pgf\compatib
ility\pgfcomp-version-1-18.sty"
Package: pgfcomp-version-1-18 2007/07/23 v3.0.1a (rcs-revision 1.1)
))
("C:\Users\StevensUser\AppData\Local\Programs\MiKTeX 2.9\tex\latex\pgf\utilitie
s\pgffor.sty"
("C:\Users\StevensUser\AppData\Local\Programs\MiKTeX 2.9\tex\latex\pgf\utilitie
s\pgfkeys.sty"
("C:\Users\StevensUser\AppData\Local\Programs\MiKTeX 2.9\tex\generic\pgf\utilit
ies\pgfkeys.code.tex"))
("C:\Users\StevensUser\AppData\Local\Programs\MiKTeX 2.9\tex\latex\pgf\math\pgf
math.sty"
("C:\Users\StevensUser\AppData\Local\Programs\MiKTeX 2.9\tex\generic\pgf\math\p
gfmath.code.tex"))
("C:\Users\StevensUser\AppData\Local\Programs\MiKTeX 2.9\tex\generic\pgf\utilit
ies\pgffor.code.tex"
Package: pgffor 2013/12/13 v3.0.1a (rcs-revision 1.25)

("C:\Users\StevensUser\AppData\Local\Programs\MiKTeX 2.9\tex\generic\pgf\math\p
gfmath.code.tex")
\pgffor@iter=\dimen142
\pgffor@skip=\dimen143
\pgffor@stack=\toks27
\pgffor@toks=\toks28
))
("C:\Users\StevensUser\AppData\Local\Programs\MiKTeX 2.9\tex\generic\pgf\fronte
ndlayer\tikz\tikz.code.tex"
Package: tikz 2015/08/07 v3.0.1a (rcs-revision 1.151)

("C:\Users\StevensUser\AppData\Local\Programs\MiKTeX 2.9\tex\generic\pgf\librar
ies\pgflibraryplothandlers.code.tex"
File: pgflibraryplothandlers.code.tex 2013/08/31 v3.0.1a (rcs-revision 1.20)
\pgf@plot@mark@count=\count99
\pgfplotmarksize=\dimen144
)
\tikz@lastx=\dimen145
\tikz@lasty=\dimen146
\tikz@lastxsaved=\dimen147
\tikz@lastysaved=\dimen148
\tikzleveldistance=\dimen149
\tikzsiblingdistance=\dimen150
\tikz@figbox=\box33
\tikz@figbox@bg=\box34
\tikz@tempbox=\box35
\tikz@tempbox@bg=\box36
\tikztreelevel=\count100
\tikznumberofchildren=\count101
\tikznumberofcurrentchild=\count102
\tikz@fig@count=\count103

("C:\Users\StevensUser\AppData\Local\Programs\MiKTeX 2.9\tex\generic\pgf\module
s\pgfmodulematrix.code.tex"
File: pgfmodulematrix.code.tex 2013/09/17  (rcs-revision 1.8)
\pgfmatrixcurrentrow=\count104
\pgfmatrixcurrentcolumn=\count105
\pgf@matrix@numberofcolumns=\count106
)
\tikz@expandcount=\count107

("C:\Users\StevensUser\AppData\Local\Programs\MiKTeX 2.9\tex\generic\pgf\fronte
ndlayer\tikz\libraries\tikzlibrarytopaths.code.tex"
File: tikzlibrarytopaths.code.tex 2008/06/17 v3.0.1a (rcs-revision 1.2)
)))
("C:\Users\StevensUser\AppData\Local\Programs\MiKTeX 2.9\tex\latex\geometry\geo
metry.sty"
Package: geometry 2018/04/16 v5.8 Page Geometry

("C:\Users\StevensUser\AppData\Local\Programs\MiKTeX 2.9\tex\generic\oberdiek\i
fpdf.sty"
Package: ifpdf 2018/09/07 v3.3 Provides the ifpdf switch
)
("C:\Users\StevensUser\AppData\Local\Programs\MiKTeX 2.9\tex\generic\oberdiek\i
fvtex.sty"
Package: ifvtex 2016/05/16 v1.6 Detect VTeX and its facilities (HO)
Package ifvtex Info: VTeX not detected.
)
("C:\Users\StevensUser\AppData\Local\Programs\MiKTeX 2.9\tex\generic\ifxetex\if
xetex.sty"
Package: ifxetex 2010/09/12 v0.6 Provides ifxetex conditional
)
\Gm@cnth=\count108
\Gm@cntv=\count109
\c@Gm@tempcnt=\count110
\Gm@bindingoffset=\dimen151
\Gm@wd@mp=\dimen152
\Gm@odd@mp=\dimen153
\Gm@even@mp=\dimen154
\Gm@layoutwidth=\dimen155
\Gm@layoutheight=\dimen156
\Gm@layouthoffset=\dimen157
\Gm@layoutvoffset=\dimen158
\Gm@dimlist=\toks29

("C:\Users\StevensUser\AppData\Local\Programs\MiKTeX 2.9\tex\xelatex\xetexconfi
g\geometry.cfg"))
("C:\Users\StevensUser\AppData\Local\Programs\MiKTeX 2.9\tex\latex\setspace\set
space.sty"
Package: setspace 2011/12/19 v6.7a set line spacing
)
("C:\Users\StevensUser\AppData\Local\Programs\MiKTeX 2.9\tex\latex\nopageno\nop
ageno.sty"
Package: nopageno 1989/01/01 no page numbers (DPC)
)
("C:\Users\StevensUser\AppData\Local\Programs\MiKTeX 2.9\tex\latex\enumitem\enu
mitem.sty"
Package: enumitem 2019/02/04 v3.8 Customized lists
\labelindent=\skip43
\enit@outerparindent=\dimen159
\enit@toks=\toks30
\enit@inbox=\box37
\enit@count@id=\count111
\enitdp@description=\count112
)
("C:\Users\StevensUser\AppData\Local\Programs\MiKTeX 2.9\tex\latex\hyphenat\hyp
henat.sty"
Package: hyphenat 2009/09/02 v2.3c hyphenation utilities
\langwohyphens=\language76
LaTeX Info: Redefining \_ on input line 43.
)
("C:\Users\StevensUser\AppData\Local\Programs\MiKTeX 2.9\tex\generic\pgf\fronte
ndlayer\tikz\libraries\tikzlibraryshapes.code.tex"
File: tikzlibraryshapes.code.tex 2008/01/09 v3.0.1a (rcs-revision 1.1)

("C:\Users\StevensUser\AppData\Local\Programs\MiKTeX 2.9\tex\generic\pgf\fronte
ndlayer\tikz\libraries\tikzlibraryshapes.geometric.code.tex"
File: tikzlibraryshapes.geometric.code.tex 2008/01/09 v3.0.1a (rcs-revision 1.1
)

("C:\Users\StevensUser\AppData\Local\Programs\MiKTeX 2.9\tex\generic\pgf\librar
ies\shapes\pgflibraryshapes.geometric.code.tex"
File: pgflibraryshapes.geometric.code.tex 2008/06/26 v3.0.1a (rcs-revision 1.1)

))
("C:\Users\StevensUser\AppData\Local\Programs\MiKTeX 2.9\tex\generic\pgf\fronte
ndlayer\tikz\libraries\tikzlibraryshapes.misc.code.tex"
File: tikzlibraryshapes.misc.code.tex 2008/01/09 v3.0.1a (rcs-revision 1.1)

("C:\Users\StevensUser\AppData\Local\Programs\MiKTeX 2.9\tex\generic\pgf\librar
ies\shapes\pgflibraryshapes.misc.code.tex"
File: pgflibraryshapes.misc.code.tex 2013/07/18 v3.0.1a (rcs-revision 1.5)
))
("C:\Users\StevensUser\AppData\Local\Programs\MiKTeX 2.9\tex\generic\pgf\fronte
ndlayer\tikz\libraries\tikzlibraryshapes.symbols.code.tex"
File: tikzlibraryshapes.symbols.code.tex 2008/01/09 v3.0.1a (rcs-revision 1.1)

("C:\Users\StevensUser\AppData\Local\Programs\MiKTeX 2.9\tex\generic\pgf\librar
ies\shapes\pgflibraryshapes.symbols.code.tex"
File: pgflibraryshapes.symbols.code.tex 2013/09/11 v3.0.1a (rcs-revision 1.6)
))
("C:\Users\StevensUser\AppData\Local\Programs\MiKTeX 2.9\tex\generic\pgf\fronte
ndlayer\tikz\libraries\tikzlibraryshapes.arrows.code.tex"
File: tikzlibraryshapes.arrows.code.tex 2008/01/09 v3.0.1a (rcs-revision 1.1)

("C:\Users\StevensUser\AppData\Local\Programs\MiKTeX 2.9\tex\generic\pgf\librar
ies\shapes\pgflibraryshapes.arrows.code.tex"
File: pgflibraryshapes.arrows.code.tex 2008/06/26 v3.0.1a (rcs-revision 1.1)
))
("C:\Users\StevensUser\AppData\Local\Programs\MiKTeX 2.9\tex\generic\pgf\fronte
ndlayer\tikz\libraries\tikzlibraryshapes.callouts.code.tex"
("C:\Users\StevensUser\AppData\Local\Programs\MiKTeX 2.9\tex\generic\pgf\librar
ies\shapes\pgflibraryshapes.callouts.code.tex"))
("C:\Users\StevensUser\AppData\Local\Programs\MiKTeX 2.9\tex\generic\pgf\fronte
ndlayer\tikz\libraries\tikzlibraryshapes.multipart.code.tex"
File: tikzlibraryshapes.multipart.code.tex 2008/01/09 v3.0.1a (rcs-revision 1.1
)

("C:\Users\StevensUser\AppData\Local\Programs\MiKTeX 2.9\tex\generic\pgf\librar
ies\shapes\pgflibraryshapes.multipart.code.tex"
File: pgflibraryshapes.multipart.code.tex 2010/01/07 v3.0.1a (rcs-revision 1.2)

\pgfnodepartlowerbox=\box38
\pgfnodeparttwobox=\box39
\pgfnodepartthreebox=\box40
\pgfnodepartfourbox=\box41
\pgfnodeparttwentybox=\box42
\pgfnodepartnineteenbox=\box43
\pgfnodeparteighteenbox=\box44
\pgfnodepartseventeenbox=\box45
\pgfnodepartsixteenbox=\box46
\pgfnodepartfifteenbox=\box47
\pgfnodepartfourteenbox=\box48
\pgfnodepartthirteenbox=\box49
\pgfnodeparttwelvebox=\box50
\pgfnodepartelevenbox=\box51
\pgfnodeparttenbox=\box52
\pgfnodepartninebox=\box53
\pgfnodeparteightbox=\box54
\pgfnodepartsevenbox=\box55
\pgfnodepartsixbox=\box56
\pgfnodepartfivebox=\box57
)))
("C:\Users\StevensUser\AppData\Local\Programs\MiKTeX 2.9\tex\generic\pgf\fronte
ndlayer\tikz\libraries\tikzlibraryarrows.code.tex"
File: tikzlibraryarrows.code.tex 2008/01/09 v3.0.1a (rcs-revision 1.1)

("C:\Users\StevensUser\AppData\Local\Programs\MiKTeX 2.9\tex\generic\pgf\librar
ies\pgflibraryarrows.code.tex"
File: pgflibraryarrows.code.tex 2013/09/23 v3.0.1a (rcs-revision 1.16)
\arrowsize=\dimen160
))
("C:\Users\StevensUser\AppData\Local\Programs\MiKTeX 2.9\tex\generic\pgf\fronte
ndlayer\tikz\libraries\tikzlibraryshadows.code.tex"
File: tikzlibraryshadows.code.tex 2008/01/13 v3.0.1a (rcs-revision 1.3)

("C:\Users\StevensUser\AppData\Local\Programs\MiKTeX 2.9\tex\generic\pgf\fronte
ndlayer\tikz\libraries\tikzlibraryfadings.code.tex"
File: tikzlibraryfadings.code.tex 2009/11/15 v3.0.1a (rcs-revision 1.2)

("C:\Users\StevensUser\AppData\Local\Programs\MiKTeX 2.9\tex\generic\pgf\librar
ies\pgflibraryfadings.code.tex"
File: pgflibraryfadings.code.tex 2008/02/07 v3.0.1a (rcs-revision 1.3)
)))
("C:\Users\StevensUser\AppData\Local\Programs\MiKTeX 2.9\tex\generic\pgf\fronte
ndlayer\tikz\libraries\tikzlibrarydecorations.pathreplacing.code.tex"
("C:\Users\StevensUser\AppData\Local\Programs\MiKTeX 2.9\tex\generic\pgf\fronte
ndlayer\tikz\libraries\tikzlibrarydecorations.code.tex"
("C:\Users\StevensUser\AppData\Local\Programs\MiKTeX 2.9\tex\generic\pgf\module
s\pgfmoduledecorations.code.tex"
\pgfdecoratedcompleteddistance=\dimen161
\pgfdecoratedremainingdistance=\dimen162
\pgfdecoratedinputsegmentcompleteddistance=\dimen163
\pgfdecoratedinputsegmentremainingdistance=\dimen164
\pgf@decorate@distancetomove=\dimen165
\pgf@decorate@repeatstate=\count113
\pgfdecorationsegmentamplitude=\dimen166
\pgfdecorationsegmentlength=\dimen167
)
\tikz@lib@dec@box=\box58
)
("C:\Users\StevensUser\AppData\Local\Programs\MiKTeX 2.9\tex\generic\pgf\librar
ies\decorations\pgflibrarydecorations.pathreplacing.code.tex"))
("C:\Users\StevensUser\AppData\Local\Programs\MiKTeX 2.9\tex\generic\pgf\fronte
ndlayer\tikz\libraries\tikzlibrarymatrix.code.tex"
File: tikzlibrarymatrix.code.tex 2013/07/12 v3.0.1a (rcs-revision 1.4)
)
("C:\Users\StevensUser\AppData\Local\Programs\MiKTeX 2.9\tex\generic\pgf\fronte
ndlayer\tikz\libraries\tikzlibrarypositioning.code.tex"
File: tikzlibrarypositioning.code.tex 2008/10/06 v3.0.1a (rcs-revision 1.7)
)
("C:\Users\StevensUser\AppData\Local\Programs\MiKTeX 2.9\tex\latex\fontspec\fon
tspec.sty"
("C:\Users\StevensUser\AppData\Local\Programs\MiKTeX 2.9\tex\latex\l3packages\x
parse\xparse.sty"
("C:\Users\StevensUser\AppData\Local\Programs\MiKTeX 2.9\tex\latex\l3kernel\exp
l3.sty"
Package: expl3 2019-01-28 L3 programming layer (loader) 

("C:\Users\StevensUser\AppData\Local\Programs\MiKTeX 2.9\tex\latex\l3kernel\exp
l3-code.tex"
Package: expl3 2019-01-28 L3 programming layer (code)
\c_max_int=\count114
\l_tmpa_int=\count115
\l_tmpb_int=\count116
\g_tmpa_int=\count117
\g_tmpb_int=\count118
\g__kernel_prg_map_int=\count119
\c_log_iow=\count120
\l_iow_line_count_int=\count121
\l__iow_line_target_int=\count122
\l__iow_one_indent_int=\count123
\l__iow_indent_int=\count124
\c_zero_dim=\dimen168
\c_max_dim=\dimen169
\l_tmpa_dim=\dimen170
\l_tmpb_dim=\dimen171
\g_tmpa_dim=\dimen172
\g_tmpb_dim=\dimen173
\c_zero_skip=\skip44
\c_max_skip=\skip45
\l_tmpa_skip=\skip46
\l_tmpb_skip=\skip47
\g_tmpa_skip=\skip48
\g_tmpb_skip=\skip49
\c_zero_muskip=\muskip10
\c_max_muskip=\muskip11
\l_tmpa_muskip=\muskip12
\l_tmpb_muskip=\muskip13
\g_tmpa_muskip=\muskip14
\g_tmpb_muskip=\muskip15
\l_keys_choice_int=\count125
\l__intarray_loop_int=\count126
\c__intarray_sp_dim=\dimen174
\g__intarray_font_int=\count127
\c__fp_leading_shift_int=\count128
\c__fp_middle_shift_int=\count129
\c__fp_trailing_shift_int=\count130
\c__fp_big_leading_shift_int=\count131
\c__fp_big_middle_shift_int=\count132
\c__fp_big_trailing_shift_int=\count133
\c__fp_Bigg_leading_shift_int=\count134
\c__fp_Bigg_middle_shift_int=\count135
\c__fp_Bigg_trailing_shift_int=\count136
\g__fp_array_int=\count137
\l__fp_array_loop_int=\count138
\l__sort_length_int=\count139
\l__sort_min_int=\count140
\l__sort_top_int=\count141
\l__sort_max_int=\count142
\l__sort_true_max_int=\count143
\l__sort_block_int=\count144
\l__sort_begin_int=\count145
\l__sort_end_int=\count146
\l__sort_A_int=\count147
\l__sort_B_int=\count148
\l__sort_C_int=\count149
\l__tl_analysis_normal_int=\count150
\l__tl_analysis_index_int=\count151
\l__tl_analysis_nesting_int=\count152
\l__tl_analysis_type_int=\count153
\l__regex_internal_a_int=\count154
\l__regex_internal_b_int=\count155
\l__regex_internal_c_int=\count156
\l__regex_balance_int=\count157
\l__regex_group_level_int=\count158
\l__regex_mode_int=\count159
\c__regex_cs_in_class_mode_int=\count160
\c__regex_cs_mode_int=\count161
\l__regex_catcodes_int=\count162
\l__regex_default_catcodes_int=\count163
\c__regex_catcode_L_int=\count164
\c__regex_catcode_O_int=\count165
\c__regex_catcode_A_int=\count166
\c__regex_all_catcodes_int=\count167
\l__regex_show_lines_int=\count168
\l__regex_min_state_int=\count169
\l__regex_max_state_int=\count170
\l__regex_left_state_int=\count171
\l__regex_right_state_int=\count172
\l__regex_capturing_group_int=\count173
\l__regex_min_pos_int=\count174
\l__regex_max_pos_int=\count175
\l__regex_curr_pos_int=\count176
\l__regex_start_pos_int=\count177
\l__regex_success_pos_int=\count178
\l__regex_curr_char_int=\count179
\l__regex_curr_catcode_int=\count180
\l__regex_last_char_int=\count181
\l__regex_case_changed_char_int=\count182
\l__regex_curr_state_int=\count183
\l__regex_step_int=\count184
\l__regex_min_active_int=\count185
\l__regex_max_active_int=\count186
\l__regex_replacement_csnames_int=\count187
\l__regex_match_count_int=\count188
\l__regex_min_submatch_int=\count189
\l__regex_submatch_int=\count190
\l__regex_zeroth_submatch_int=\count191
\g__regex_trace_regex_int=\count192
\c_empty_box=\box59
\l_tmpa_box=\box60
\l_tmpb_box=\box61
\g_tmpa_box=\box62
\g_tmpb_box=\box63
\l__box_top_dim=\dimen175
\l__box_bottom_dim=\dimen176
\l__box_left_dim=\dimen177
\l__box_right_dim=\dimen178
\l__box_top_new_dim=\dimen179
\l__box_bottom_new_dim=\dimen180
\l__box_left_new_dim=\dimen181
\l__box_right_new_dim=\dimen182
\l__box_internal_box=\box64
\l__coffin_internal_box=\box65
\l__coffin_internal_dim=\dimen183
\l__coffin_offset_x_dim=\dimen184
\l__coffin_offset_y_dim=\dimen185
\l__coffin_x_dim=\dimen186
\l__coffin_y_dim=\dimen187
\l__coffin_x_prime_dim=\dimen188
\l__coffin_y_prime_dim=\dimen189
\c_empty_coffin=\box66
\l__coffin_aligned_coffin=\box67
\l__coffin_aligned_internal_coffin=\box68
\l_tmpa_coffin=\box69
\l_tmpb_coffin=\box70
\g_tmpa_coffin=\box71
\g_tmpb_coffin=\box72
\c__coffin_empty_coffin=\box73
\l__coffin_display_coffin=\box74
\l__coffin_display_coord_coffin=\box75
\l__coffin_display_pole_coffin=\box76
\l__coffin_display_offset_dim=\dimen190
\l__coffin_display_x_dim=\dimen191
\l__coffin_display_y_dim=\dimen192
\g__file_internal_ior=\read2
\l__coffin_bounding_shift_dim=\dimen193
\l__coffin_left_corner_dim=\dimen194
\l__coffin_right_corner_dim=\dimen195
\l__coffin_bottom_corner_dim=\dimen196
\l__coffin_top_corner_dim=\dimen197
\l__coffin_scaled_total_height_dim=\dimen198
\l__coffin_scaled_width_dim=\dimen199
)
("C:\Users\StevensUser\AppData\Local\Programs\MiKTeX 2.9\tex\latex\l3kernel\l3x
dvipdfmx.def"
File: l3xdvipdfmx.def 2019-01-28 v L3 Experimental driver: xdvipdfmx
\g__driver_image_int=\count193
\g__driver_pdf_object_int=\count194
))
Package: xparse 2018-10-17 L3 Experimental document command parser
\l__xparse_current_arg_int=\count195
\g__xparse_grabber_int=\count196
\l__xparse_m_args_int=\count197
\l__xparse_mandatory_args_int=\count198
\l__xparse_v_nesting_int=\count199
)
Package: fontspec 2018/07/30 vv2.6h Font selection for XeLaTeX and LuaLaTeX

("C:\Users\StevensUser\AppData\Local\Programs\MiKTeX 2.9\tex\latex\fontspec\fon
tspec-xetex.sty"
Package: fontspec-xetex 2018/07/30 vv2.6h Font selection for XeLaTeX and LuaLaT
eX
\l__fontspec_script_int=\count266
\l__fontspec_language_int=\count267
\l__fontspec_strnum_int=\count268
\l__fontspec_tmp_int=\count269
\l__fontspec_em_int=\count270
\l__fontspec_emdef_int=\count271
\l__fontspec_strong_int=\count272
\l__fontspec_strongdef_int=\count273
\l__fontspec_tmpa_dim=\dimen256
\l__fontspec_tmpb_dim=\dimen257
\l__fontspec_tmpc_dim=\dimen258

("C:\Users\StevensUser\AppData\Local\Programs\MiKTeX 2.9\tex\latex\base\fontenc
.sty"
Package: fontenc 2017/04/05 v2.0i Standard LaTeX package

("C:\Users\StevensUser\AppData\Local\Programs\MiKTeX 2.9\tex\latex\base\tuenc.d
ef"
File: tuenc.def 2017/04/05 v2.0i Standard LaTeX file
LaTeX Font Info:    Redeclaring font encoding TU on input line 82.
))
("C:\Users\StevensUser\AppData\Local\Programs\MiKTeX 2.9\tex\latex\fontspec\fon
tspec.cfg")
LaTeX Info: Redefining \itshape on input line 3910.
LaTeX Info: Redefining \slshape on input line 3915.
LaTeX Info: Redefining \scshape on input line 3920.
LaTeX Info: Redefining \upshape on input line 3925.
LaTeX Info: Redefining \em on input line 3955.
LaTeX Info: Redefining \emph on input line 3980.
LaTeX Info: Redefining \- on input line 4034.
))

Package fontspec Info: Arial scale = 0.8311558380414313.


Package fontspec Info: Arial scale = 0.8311558380414313.


Package fontspec Info: Arial scale = 0.8311558380414313.


Package fontspec Info: Arial/B scale = 0.8311558380414313.


Package fontspec Info: Arial/B scale = 0.8311558380414313.


Package fontspec Info: Arial/I scale = 0.8311558380414313.


Package fontspec Info: Arial/I scale = 0.8311558380414313.


Package fontspec Info: Arial/BI scale = 0.8311558380414313.


Package fontspec Info: Arial/BI scale = 0.8311558380414313.


Package fontspec Info: Font family 'Arial(0)' created for font 'Arial' with
(fontspec)             options
(fontspec)             [Mapping=tex-text,Scale=MatchLowercase,Ligatures=TeX].
(fontspec)              
(fontspec)              This font family consists of the following NFSS
(fontspec)             series/shapes:
(fontspec)              
(fontspec)             - 'normal' (m/n) with NFSS spec.:
(fontspec)             <->s*[0.8311558380414313]"Arial/OT:script=latn;language=
DFLT;mapping=tex-text;"
(fontspec)             - 'small caps'  (m/sc) with NFSS spec.:
(fontspec)             <->s*[0.8311558380414313]"Arial/OT:script=latn;language=
DFLT;+smcp;mapping=tex-text;"
(fontspec)             - 'bold' (bx/n) with NFSS spec.:
(fontspec)             <->s*[0.8311558380414313]"Arial/B/OT:script=latn;languag
e=DFLT;mapping=tex-text;"
(fontspec)             - 'bold small caps'  (bx/sc) with NFSS spec.:
(fontspec)             <->s*[0.8311558380414313]"Arial/B/OT:script=latn;languag
e=DFLT;+smcp;mapping=tex-text;"
(fontspec)             - 'italic' (m/it) with NFSS spec.:
(fontspec)             <->s*[0.8311558380414313]"Arial/I/OT:script=latn;languag
e=DFLT;mapping=tex-text;"
(fontspec)             - 'italic small caps'  (m/itsc) with NFSS spec.:
(fontspec)             <->s*[0.8311558380414313]"Arial/I/OT:script=latn;languag
e=DFLT;+smcp;mapping=tex-text;"
(fontspec)             - 'bold italic' (bx/it) with NFSS spec.:
(fontspec)             <->s*[0.8311558380414313]"Arial/BI/OT:script=latn;langua
ge=DFLT;mapping=tex-text;"
(fontspec)             - 'bold italic small caps'  (bx/itsc) with NFSS spec.:
(fontspec)             <->s*[0.8311558380414313]"Arial/BI/OT:script=latn;langua
ge=DFLT;+smcp;mapping=tex-text;"

LaTeX Info: Redefining \rmfamily on input line 16.
LaTeX Font Info:    Font shape `TU/Arial(0)/m/n' will be
(Font)              scaled to size 8.31161pt on input line 16.
 (Schabacker_Robert_Resume.aux)
\openout1 = `Schabacker_Robert_Resume.aux'.

LaTeX Font Info:    Checking defaults for OML/cmm/m/it on input line 25.
LaTeX Font Info:    ... okay on input line 25.
LaTeX Font Info:    Checking defaults for T1/cmr/m/n on input line 25.
LaTeX Font Info:    ... okay on input line 25.
LaTeX Font Info:    Checking defaults for OT1/cmr/m/n on input line 25.
LaTeX Font Info:    ... okay on input line 25.
LaTeX Font Info:    Checking defaults for OMS/cmsy/m/n on input line 25.
LaTeX Font Info:    ... okay on input line 25.
LaTeX Font Info:    Checking defaults for TU/lmr/m/n on input line 25.
LaTeX Font Info:    ... okay on input line 25.
LaTeX Font Info:    Checking defaults for OMX/cmex/m/n on input line 25.
LaTeX Font Info:    ... okay on input line 25.
LaTeX Font Info:    Checking defaults for U/cmr/m/n on input line 25.
LaTeX Font Info:    ... okay on input line 25.

ABD: EveryShipout initializing macros
*geometry* detected driver: pdftex
*geometry* verbose mode - [ preamble ] result:
* driver: pdftex
* paper: <default>
* layout: <same size as paper>
* layoutoffset:(h,v)=(0.0pt,0.0pt)
* modes: 
* h-part:(L,W,R)=(36.135pt, 542.02501pt, 36.135pt)
* v-part:(T,H,B)=(36.135pt, 722.7pt, 36.135pt)
* \paperwidth=614.295pt
* \paperheight=794.96999pt
* \textwidth=542.02501pt
* \textheight=722.7pt
* \oddsidemargin=-36.135pt
* \evensidemargin=-36.135pt
* \topmargin=-73.135pt
* \headheight=12.0pt
* \headsep=25.0pt
* \topskip=10.0pt
* \footskip=30.0pt
* \marginparwidth=65.0pt
* \marginparsep=11.0pt
* \columnsep=10.0pt
* \skip\footins=9.0pt plus 4.0pt minus 2.0pt
* \hoffset=0.0pt
* \voffset=0.0pt
* \mag=1000
* \@twocolumnfalse
* \@twosidefalse
* \@mparswitchfalse
* \@reversemarginfalse
* (1in=72.27pt=25.4mm, 1cm=28.453pt)


Package fontspec Info: Adjusting the maths setup (use [no-math] to avoid
(fontspec)             this).

\symlegacymaths=\mathgroup4
LaTeX Font Info:    Overwriting symbol font `legacymaths' in version `bold'
(Font)                  OT1/cmr/m/n --> OT1/cmr/bx/n on input line 25.
LaTeX Font Info:    Redeclaring math accent \acute on input line 25.
LaTeX Font Info:    Redeclaring math accent \grave on input line 25.
LaTeX Font Info:    Redeclaring math accent \ddot on input line 25.
LaTeX Font Info:    Redeclaring math accent \tilde on input line 25.
LaTeX Font Info:    Redeclaring math accent \bar on input line 25.
LaTeX Font Info:    Redeclaring math accent \breve on input line 25.
LaTeX Font Info:    Redeclaring math accent \check on input line 25.
LaTeX Font Info:    Redeclaring math accent \hat on input line 25.
LaTeX Font Info:    Redeclaring math accent \dot on input line 25.
LaTeX Font Info:    Redeclaring math accent \mathring on input line 25.
LaTeX Font Info:    Redeclaring math symbol \colon on input line 25.
LaTeX Font Info:    Redeclaring math symbol \Gamma on input line 25.
LaTeX Font Info:    Redeclaring math symbol \Delta on input line 25.
LaTeX Font Info:    Redeclaring math symbol \Theta on input line 25.
LaTeX Font Info:    Redeclaring math symbol \Lambda on input line 25.
LaTeX Font Info:    Redeclaring math symbol \Xi on input line 25.
LaTeX Font Info:    Redeclaring math symbol \Pi on input line 25.
LaTeX Font Info:    Redeclaring math symbol \Sigma on input line 25.
LaTeX Font Info:    Redeclaring math symbol \Upsilon on input line 25.
LaTeX Font Info:    Redeclaring math symbol \Phi on input line 25.
LaTeX Font Info:    Redeclaring math symbol \Psi on input line 25.
LaTeX Font Info:    Redeclaring math symbol \Omega on input line 25.
LaTeX Font Info:    Redeclaring math symbol \mathdollar on input line 25.
LaTeX Font Info:    Redeclaring symbol font `operators' on input line 25.
LaTeX Font Info:    Encoding `OT1' has changed to `TU' for symbol font
(Font)              `operators' in the math version `normal' on input line 25.
LaTeX Font Info:    Overwriting symbol font `operators' in version `normal'
(Font)                  OT1/cmr/m/n --> TU/Arial(0)/m/n on input line 25.
LaTeX Font Info:    Encoding `OT1' has changed to `TU' for symbol font
(Font)              `operators' in the math version `bold' on input line 25.
LaTeX Font Info:    Overwriting symbol font `operators' in version `bold'
(Font)                  OT1/cmr/bx/n --> TU/Arial(0)/m/n on input line 25.
LaTeX Font Info:    Overwriting symbol font `operators' in version `normal'
(Font)                  TU/Arial(0)/m/n --> TU/Arial(0)/m/n on input line 25.
LaTeX Font Info:    Overwriting math alphabet `\mathit' in version `normal'
(Font)                  OT1/cmr/m/it --> TU/Arial(0)/m/it on input line 25.
LaTeX Font Info:    Overwriting math alphabet `\mathbf' in version `normal'
(Font)                  OT1/cmr/bx/n --> TU/Arial(0)/bx/n on input line 25.
LaTeX Font Info:    Overwriting math alphabet `\mathsf' in version `normal'
(Font)                  OT1/cmss/m/n --> TU/lmss/m/n on input line 25.
LaTeX Font Info:    Overwriting math alphabet `\mathtt' in version `normal'
(Font)                  OT1/cmtt/m/n --> TU/lmtt/m/n on input line 25.
LaTeX Font Info:    Overwriting symbol font `operators' in version `bold'
(Font)                  TU/Arial(0)/m/n --> TU/Arial(0)/bx/n on input line 25.
LaTeX Font Info:    Overwriting math alphabet `\mathit' in version `bold'
(Font)                  OT1/cmr/bx/it --> TU/Arial(0)/bx/it on input line 25.
LaTeX Font Info:    Overwriting math alphabet `\mathsf' in version `bold'
(Font)                  OT1/cmss/bx/n --> TU/lmss/bx/n on input line 25.
LaTeX Font Info:    Overwriting math alphabet `\mathtt' in version `bold'
(Font)                  OT1/cmtt/m/n --> TU/lmtt/bx/n on input line 25.
LaTeX Font Info:    Font shape `TU/Arial(0)/m/n' will be
(Font)              scaled to size 20.67929pt on input line 28.
LaTeX Font Info:    Font shape `TU/Arial(0)/m/n' will be
(Font)              scaled to size 11.96872pt on input line 29.
LaTeX Font Info:    Font shape `TU/Arial(0)/m/n' will be
(Font)              scaled to size 17.23828pt on input line 35.

Overfull \hbox (0.61385pt too wide) in paragraph at lines 40--47
\TU/Arial(0)/m/n/14.4 Programming, Programming Languages, Concurrent Programmin
g, Computer Vision, Natural Language
 []

LaTeX Font Info:    Font shape `TU/Arial(0)/bx/n' will be
(Font)              scaled to size 11.96872pt on input line 57.
LaTeX Font Info:    Font shape `TU/Arial(0)/m/it' will be
(Font)              scaled to size 11.96872pt on input line 72.

Overfull \hbox (0.1308pt too wide) in paragraph at lines 100--101
[]\TU/Arial(0)/m/n/14.4 Developed application to notify customers of their sche
duled appointments, allowing them to []
 []


Overfull \hbox (7.00076pt too wide) in paragraph at lines 119--120
[]\TU/Arial(0)/m/n/14.4 Implemented a parser, typechecker, frontend, and optimi
zing backend for an imperative programming
 []

[1

] (Schabacker_Robert_Resume.aux) ) 
Here is how much of TeX's memory you used:
 25553 strings out of 427792
 568655 string characters out of 3146621
 657530 words of memory out of 3000000
 29271 multiletter control sequences out of 15000+200000
 532450 words of font info for 38 fonts, out of 3000000 for 9000
 1328 hyphenation exceptions out of 8191
 55i,5n,117p,453b,446s stack positions out of 5000i,500n,10000p,200000b,50000s

Output written on Schabacker_Robert_Resume.pdf (1 page).
